[2026-04-22 16:00:06] DATA_LOADED | 
[2026-04-22 16:00:35] WORKOUT_ADDED | [1] RUNNING | 2026-04-21 | 45min | 420cal
[2026-04-22 16:00:35] WORKOUT_ADDED | [2] WEIGHTLIFTING | 2026-04-20 | 60min | 380cal
[2026-04-22 16:00:35] WORKOUT_ADDED | [3] CYCLING | 2026-04-19 | 75min | 550cal
[2026-04-22 16:00:35] WORKOUT_ADDED | [4] HIIT | 2026-04-17 | 30min | 340cal
[2026-04-22 16:00:35] WORKOUT_ADDED | [5] YOGA | 2026-04-16 | 50min | 180cal
[2026-04-22 16:00:35] WORKOUT_ADDED | [6] RUNNING | 2026-04-14 | 35min | 310cal
[2026-04-22 16:00:35] WORKOUT_ADDED | [7] SWIMMING | 2026-04-12 | 40min | 400cal
[2026-04-22 16:00:35] WORKOUT_ADDED | [8] WEIGHTLIFTING | 2026-04-10 | 55min | 360cal
[2026-04-22 16:00:35] HABIT_ADDED | fittrack.model.Habit@55fb5dee
[2026-04-22 16:00:35] HABIT_ADDED | fittrack.model.Habit@35ae3fb
[2026-04-22 16:00:35] HABIT_ADDED | fittrack.model.Habit@3b9cb53
[2026-04-22 16:00:35] HABIT_ADDED | fittrack.model.Habit@39bbcfee
[2026-04-22 16:00:35] HABIT_ADDED | fittrack.model.Habit@262850e4
[2026-04-22 16:00:50] WORKOUT_ADDED | [9] RUNNING | 2026-04-22 | 30min | 0cal
[2026-04-22 16:01:06] WORKOUT_ADDED | [10] RUNNING | 2026-04-21 | 45min | 420cal
[2026-04-22 16:01:07] WORKOUT_ADDED | [11] WEIGHTLIFTING | 2026-04-20 | 60min | 380cal
[2026-04-22 16:01:07] WORKOUT_ADDED | [12] CYCLING | 2026-04-19 | 75min | 550cal
[2026-04-22 16:01:07] WORKOUT_ADDED | [13] HIIT | 2026-04-17 | 30min | 340cal
[2026-04-22 16:01:07] WORKOUT_ADDED | [14] YOGA | 2026-04-16 | 50min | 180cal
[2026-04-22 16:01:07] WORKOUT_ADDED | [15] RUNNING | 2026-04-14 | 35min | 310cal
[2026-04-22 16:01:07] WORKOUT_ADDED | [16] SWIMMING | 2026-04-12 | 40min | 400cal
[2026-04-22 16:01:07] WORKOUT_ADDED | [17] WEIGHTLIFTING | 2026-04-10 | 55min | 360cal
[2026-04-22 16:01:07] HABIT_ADDED | fittrack.model.Habit@5f82cef1
[2026-04-22 16:01:07] HABIT_ADDED | fittrack.model.Habit@3e7524e
[2026-04-22 16:01:07] HABIT_ADDED | fittrack.model.Habit@4adbf185
[2026-04-22 16:01:07] HABIT_ADDED | fittrack.model.Habit@4d5ffb1f
[2026-04-22 16:01:07] HABIT_ADDED | fittrack.model.Habit@34af1ba9
[2026-04-22 16:01:27] HABIT_TOGGLED | fittrack.model.Habit@55fb5dee
[2026-04-22 16:01:30] HABIT_TOGGLED | fittrack.model.Habit@35ae3fb
[2026-04-22 16:01:37] WORKOUT_ADDED | [18] RUNNING | 2026-04-22 | 30min | 0cal
[2026-04-22 16:01:42] WORKOUT_REMOVED | [18] RUNNING | 2026-04-22 | 30min | 0cal
[2026-04-23 00:37:48] DATA_LOADED | 
[2026-04-23 03:23:29] DATA_LOADED | 
